myHadoop: Setting MH_IPOIB_TRANSFORM='s/\([^.]*\).*$/\1.ibnet/' from myhadoop.conf
myHadoop: Setting MH_SCRATCH_DIR=/scratch/$USER/$SLURM_JOBID from myhadoop.conf
myHadoop: Using HADOOP_HOME=/opt/hadoop/2.6.0
myHadoop: Using MH_SCRATCH_DIR=/scratch/axa7638/31706351
myHadoop: Using JAVA_HOME=/lib/jvm/java
myHadoop: Generating Hadoop configuration in directory in /home/axa7638/cometcluster...
myHadoop: Designating comet-05-69.ibnet as master node (namenode, secondary namenode, and jobtracker)
myHadoop: The following nodes will be slaves (datanode, tasktracer):
comet-05-69.ibnet
comet-05-71.ibnet
20/02/23 22:02:37 INFO namenode.NameNode: STARTUP_MSG: 
/************************************************************
STARTUP_MSG: Starting NameNode
STARTUP_MSG:   host = comet-05-69.sdsc.edu/198.202.112.104
STARTUP_MSG:   args = [-format]
STARTUP_MSG:   version = 2.6.0
STARTUP_MSG:   classpath = /home/axa7638/cometcluster:/opt/hadoop/2.6.0/share/hadoop/common/lib/jackson-xc-1.9.13.jar:/opt/hadoop/2.6.0/share/hadoop/common/lib/jasper-compiler-5.5.23.jar:/opt/hadoop/2.6.0/share/hadoop/common/lib/httpclient-4.2.5.jar:/opt/hadoop/2.6.0/share/hadoop/common/lib/servlet-api-2.5.jar:/opt/hadoop/2.6.0/share/hadoop/common/lib/commons-collections-3.2.1.jar:/opt/hadoop/2.6.0/share/hadoop/common/lib/commons-codec-1.4.jar:/opt/hadoop/2.6.0/share/hadoop/common/lib/xz-1.0.jar:/opt/hadoop/2.6.0/share/hadoop/common/lib/curator-framework-2.6.0.jar:/opt/hadoop/2.6.0/share/hadoop/common/lib/jackson-jaxrs-1.9.13.jar:/opt/hadoop/2.6.0/share/hadoop/common/lib/jasper-runtime-5.5.23.jar:/opt/hadoop/2.6.0/share/hadoop/common/lib/activation-1.1.jar:/opt/hadoop/2.6.0/share/hadoop/common/lib/mockito-all-1.8.5.jar:/opt/hadoop/2.6.0/share/hadoop/common/lib/commons-el-1.0.jar:/opt/hadoop/2.6.0/share/hadoop/common/lib/commons-beanutils-1.7.0.jar:/opt/hadoop/2.6.0/share/hadoop/common/lib/commons-beanutils-core-1.8.0.jar:/opt/hadoop/2.6.0/share/hadoop/common/lib/jsp-api-2.1.jar:/opt/hadoop/2.6.0/share/hadoop/common/lib/jetty-6.1.26.jar:/opt/hadoop/2.6.0/share/hadoop/common/lib/curator-recipes-2.6.0.jar:/opt/hadoop/2.6.0/share/hadoop/common/lib/jersey-json-1.9.jar:/opt/hadoop/2.6.0/share/hadoop/common/lib/slf4j-api-1.7.5.jar:/opt/hadoop/2.6.0/share/hadoop/common/lib/paranamer-2.3.jar:/opt/hadoop/2.6.0/share/hadoop/common/lib/snappy-java-1.0.4.1.jar:/opt/hadoop/2.6.0/share/hadoop/common/lib/protobuf-java-2.5.0.jar:/opt/hadoop/2.6.0/share/hadoop/common/lib/jaxb-api-2.2.2.jar:/opt/hadoop/2.6.0/share/hadoop/common/lib/guava-11.0.2.jar:/opt/hadoop/2.6.0/share/hadoop/common/lib/commons-io-2.4.jar:/opt/hadoop/2.6.0/share/hadoop/common/lib/jersey-server-1.9.jar:/opt/hadoop/2.6.0/share/hadoop/common/lib/jackson-mapper-asl-1.9.13.jar:/opt/hadoop/2.6.0/share/hadoop/common/lib/api-asn1-api-1.0.0-M20.jar:/opt/hadoop/2.6.0/share/hadoop/common/lib/commons-digester-1.8.jar:/opt/hadoop/2.6.0/share/hadoop/common/lib/hamcrest-core-1.3.jar:/opt/hadoop/2.6.0/share/hadoop/common/lib/jsch-0.1.42.jar:/opt/hadoop/2.6.0/share/hadoop/common/lib/curator-client-2.6.0.jar:/opt/hadoop/2.6.0/share/hadoop/common/lib/commons-math3-3.1.1.jar:/opt/hadoop/2.6.0/share/hadoop/common/lib/jettison-1.1.jar:/opt/hadoop/2.6.0/share/hadoop/common/lib/commons-cli-1.2.jar:/opt/hadoop/2.6.0/share/hadoop/common/lib/jackson-core-asl-1.9.13.jar:/opt/hadoop/2.6.0/share/hadoop/common/lib/httpcore-4.2.5.jar:/opt/hadoop/2.6.0/share/hadoop/common/lib/commons-compress-1.4.1.jar:/opt/hadoop/2.6.0/share/hadoop/common/lib/hadoop-annotations-2.6.0.jar:/opt/hadoop/2.6.0/share/hadoop/common/lib/log4j-1.2.17.jar:/opt/hadoop/2.6.0/share/hadoop/common/lib/jets3t-0.9.0.jar:/opt/hadoop/2.6.0/share/hadoop/common/lib/commons-logging-1.1.3.jar:/opt/hadoop/2.6.0/share/hadoop/common/lib/xmlenc-0.52.jar:/opt/hadoop/2.6.0/share/hadoop/common/lib/gson-2.2.4.jar:/opt/hadoop/2.6.0/share/hadoop/common/lib/java-xmlbuilder-0.4.jar:/opt/hadoop/2.6.0/share/hadoop/common/lib/apacheds-i18n-2.0.0-M15.jar:/opt/hadoop/2.6.0/share/hadoop/common/lib/commons-net-3.1.jar:/opt/hadoop/2.6.0/share/hadoop/common/lib/jsr305-1.3.9.jar:/opt/hadoop/2.6.0/share/hadoop/common/lib/avro-1.7.4.jar:/opt/hadoop/2.6.0/share/hadoop/common/lib/zookeeper-3.4.6.jar:/opt/hadoop/2.6.0/share/hadoop/common/lib/junit-4.11.jar:/opt/hadoop/2.6.0/share/hadoop/common/lib/slf4j-log4j12-1.7.5.jar:/opt/hadoop/2.6.0/share/hadoop/common/lib/jetty-util-6.1.26.jar:/opt/hadoop/2.6.0/share/hadoop/common/lib/stax-api-1.0-2.jar:/opt/hadoop/2.6.0/share/hadoop/common/lib/asm-3.2.jar:/opt/hadoop/2.6.0/share/hadoop/common/lib/apacheds-kerberos-codec-2.0.0-M15.jar:/opt/hadoop/2.6.0/share/hadoop/common/lib/api-util-1.0.0-M20.jar:/opt/hadoop/2.6.0/share/hadoop/common/lib/commons-lang-2.6.jar:/opt/hadoop/2.6.0/share/hadoop/common/lib/commons-configuration-1.6.jar:/opt/hadoop/2.6.0/share/hadoop/common/lib/netty-3.6.2.Final.jar:/opt/hadoop/2.6.0/share/hadoop/common/lib/commons-httpclient-3.1.jar:/opt/hadoop/2.6.0/share/hadoop/common/lib/hadoop-auth-2.6.0.jar:/opt/hadoop/2.6.0/share/hadoop/common/lib/jaxb-impl-2.2.3-1.jar:/opt/hadoop/2.6.0/share/hadoop/common/lib/jersey-core-1.9.jar:/opt/hadoop/2.6.0/share/hadoop/common/lib/htrace-core-3.0.4.jar:/opt/hadoop/2.6.0/share/hadoop/common/hadoop-common-2.6.0.jar:/opt/hadoop/2.6.0/share/hadoop/common/hadoop-common-2.6.0-tests.jar:/opt/hadoop/2.6.0/share/hadoop/common/hadoop-nfs-2.6.0.jar:/opt/hadoop/2.6.0/share/hadoop/hdfs:/opt/hadoop/2.6.0/share/hadoop/hdfs/lib/servlet-api-2.5.jar:/opt/hadoop/2.6.0/share/hadoop/hdfs/lib/commons-codec-1.4.jar:/opt/hadoop/2.6.0/share/hadoop/hdfs/lib/jasper-runtime-5.5.23.jar:/opt/hadoop/2.6.0/share/hadoop/hdfs/lib/commons-el-1.0.jar:/opt/hadoop/2.6.0/share/hadoop/hdfs/lib/jsp-api-2.1.jar:/opt/hadoop/2.6.0/share/hadoop/hdfs/lib/jetty-6.1.26.jar:/opt/hadoop/2.6.0/share/hadoop/hdfs/lib/xml-apis-1.3.04.jar:/opt/hadoop/2.6.0/share/hadoop/hdfs/lib/protobuf-java-2.5.0.jar:/opt/hadoop/2.6.0/share/hadoop/hdfs/lib/guava-11.0.2.jar:/opt/hadoop/2.6.0/share/hadoop/hdfs/lib/commons-io-2.4.jar:/opt/hadoop/2.6.0/share/hadoop/hdfs/lib/jersey-server-1.9.jar:/opt/hadoop/2.6.0/share/hadoop/hdfs/lib/jackson-mapper-asl-1.9.13.jar:/opt/hadoop/2.6.0/share/hadoop/hdfs/lib/commons-cli-1.2.jar:/opt/hadoop/2.6.0/share/hadoop/hdfs/lib/jackson-core-asl-1.9.13.jar:/opt/hadoop/2.6.0/share/hadoop/hdfs/lib/log4j-1.2.17.jar:/opt/hadoop/2.6.0/share/hadoop/hdfs/lib/commons-daemon-1.0.13.jar:/opt/hadoop/2.6.0/share/hadoop/hdfs/lib/commons-logging-1.1.3.jar:/opt/hadoop/2.6.0/share/hadoop/hdfs/lib/xmlenc-0.52.jar:/opt/hadoop/2.6.0/share/hadoop/hdfs/lib/jsr305-1.3.9.jar:/opt/hadoop/2.6.0/share/hadoop/hdfs/lib/jetty-util-6.1.26.jar:/opt/hadoop/2.6.0/share/hadoop/hdfs/lib/asm-3.2.jar:/opt/hadoop/2.6.0/share/hadoop/hdfs/lib/commons-lang-2.6.jar:/opt/hadoop/2.6.0/share/hadoop/hdfs/lib/netty-3.6.2.Final.jar:/opt/hadoop/2.6.0/share/hadoop/hdfs/lib/jersey-core-1.9.jar:/opt/hadoop/2.6.0/share/hadoop/hdfs/lib/htrace-core-3.0.4.jar:/opt/hadoop/2.6.0/share/hadoop/hdfs/lib/xercesImpl-2.9.1.jar:/opt/hadoop/2.6.0/share/hadoop/hdfs/hadoop-hdfs-2.6.0.jar:/opt/hadoop/2.6.0/share/hadoop/hdfs/hadoop-hdfs-2.6.0-tests.jar:/opt/hadoop/2.6.0/share/hadoop/hdfs/hadoop-hdfs-nfs-2.6.0.jar:/opt/hadoop/2.6.0/share/hadoop/yarn/lib/jackson-xc-1.9.13.jar:/opt/hadoop/2.6.0/share/hadoop/yarn/lib/guice-servlet-3.0.jar:/opt/hadoop/2.6.0/share/hadoop/yarn/lib/servlet-api-2.5.jar:/opt/hadoop/2.6.0/share/hadoop/yarn/lib/commons-collections-3.2.1.jar:/opt/hadoop/2.6.0/share/hadoop/yarn/lib/javax.inject-1.jar:/opt/hadoop/2.6.0/share/hadoop/yarn/lib/commons-codec-1.4.jar:/opt/hadoop/2.6.0/share/hadoop/yarn/lib/xz-1.0.jar:/opt/hadoop/2.6.0/share/hadoop/yarn/lib/jackson-jaxrs-1.9.13.jar:/opt/hadoop/2.6.0/share/hadoop/yarn/lib/activation-1.1.jar:/opt/hadoop/2.6.0/share/hadoop/yarn/lib/jetty-6.1.26.jar:/opt/hadoop/2.6.0/share/hadoop/yarn/lib/jersey-json-1.9.jar:/opt/hadoop/2.6.0/share/hadoop/yarn/lib/protobuf-java-2.5.0.jar:/opt/hadoop/2.6.0/share/hadoop/yarn/lib/aopalliance-1.0.jar:/opt/hadoop/2.6.0/share/hadoop/yarn/lib/jersey-client-1.9.jar:/opt/hadoop/2.6.0/share/hadoop/yarn/lib/jaxb-api-2.2.2.jar:/opt/hadoop/2.6.0/share/hadoop/yarn/lib/guava-11.0.2.jar:/opt/hadoop/2.6.0/share/hadoop/yarn/lib/commons-io-2.4.jar:/opt/hadoop/2.6.0/share/hadoop/yarn/lib/jersey-server-1.9.jar:/opt/hadoop/2.6.0/share/hadoop/yarn/lib/jackson-mapper-asl-1.9.13.jar:/opt/hadoop/2.6.0/share/hadoop/yarn/lib/jersey-guice-1.9.jar:/opt/hadoop/2.6.0/share/hadoop/yarn/lib/jettison-1.1.jar:/opt/hadoop/2.6.0/share/hadoop/yarn/lib/commons-cli-1.2.jar:/opt/hadoop/2.6.0/share/hadoop/yarn/lib/jackson-core-asl-1.9.13.jar:/opt/hadoop/2.6.0/share/hadoop/yarn/lib/commons-compress-1.4.1.jar:/opt/hadoop/2.6.0/share/hadoop/yarn/lib/log4j-1.2.17.jar:/opt/hadoop/2.6.0/share/hadoop/yarn/lib/commons-logging-1.1.3.jar:/opt/hadoop/2.6.0/share/hadoop/yarn/lib/jline-0.9.94.jar:/opt/hadoop/2.6.0/share/hadoop/yarn/lib/jsr305-1.3.9.jar:/opt/hadoop/2.6.0/share/hadoop/yarn/lib/zookeeper-3.4.6.jar:/opt/hadoop/2.6.0/share/hadoop/yarn/lib/guice-3.0.jar:/opt/hadoop/2.6.0/share/hadoop/yarn/lib/jetty-util-6.1.26.jar:/opt/hadoop/2.6.0/share/hadoop/yarn/lib/stax-api-1.0-2.jar:/opt/hadoop/2.6.0/share/hadoop/yarn/lib/asm-3.2.jar:/opt/hadoop/2.6.0/share/hadoop/yarn/lib/leveldbjni-all-1.8.jar:/opt/hadoop/2.6.0/share/hadoop/yarn/lib/commons-lang-2.6.jar:/opt/hadoop/2.6.0/share/hadoop/yarn/lib/netty-3.6.2.Final.jar:/opt/hadoop/2.6.0/share/hadoop/yarn/lib/commons-httpclient-3.1.jar:/opt/hadoop/2.6.0/share/hadoop/yarn/lib/jaxb-impl-2.2.3-1.jar:/opt/hadoop/2.6.0/share/hadoop/yarn/lib/jersey-core-1.9.jar:/opt/hadoop/2.6.0/share/hadoop/yarn/hadoop-yarn-server-tests-2.6.0.jar:/opt/hadoop/2.6.0/share/hadoop/yarn/hadoop-yarn-common-2.6.0.jar:/opt/hadoop/2.6.0/share/hadoop/yarn/hadoop-yarn-api-2.6.0.jar:/opt/hadoop/2.6.0/share/hadoop/yarn/hadoop-yarn-server-common-2.6.0.jar:/opt/hadoop/2.6.0/share/hadoop/yarn/hadoop-yarn-server-applicationhistoryservice-2.6.0.jar:/opt/hadoop/2.6.0/share/hadoop/yarn/hadoop-yarn-client-2.6.0.jar:/opt/hadoop/2.6.0/share/hadoop/yarn/hadoop-yarn-applications-unmanaged-am-launcher-2.6.0.jar:/opt/hadoop/2.6.0/share/hadoop/yarn/hadoop-yarn-applications-distributedshell-2.6.0.jar:/opt/hadoop/2.6.0/share/hadoop/yarn/hadoop-yarn-server-web-proxy-2.6.0.jar:/opt/hadoop/2.6.0/share/hadoop/yarn/hadoop-yarn-server-resourcemanager-2.6.0.jar:/opt/hadoop/2.6.0/share/hadoop/yarn/hadoop-yarn-server-nodemanager-2.6.0.jar:/opt/hadoop/2.6.0/share/hadoop/yarn/hadoop-yarn-registry-2.6.0.jar:/opt/hadoop/2.6.0/share/hadoop/mapreduce/lib/guice-servlet-3.0.jar:/opt/hadoop/2.6.0/share/hadoop/mapreduce/lib/javax.inject-1.jar:/opt/hadoop/2.6.0/share/hadoop/mapreduce/lib/xz-1.0.jar:/opt/hadoop/2.6.0/share/hadoop/mapreduce/lib/paranamer-2.3.jar:/opt/hadoop/2.6.0/share/hadoop/mapreduce/lib/snappy-java-1.0.4.1.jar:/opt/hadoop/2.6.0/share/hadoop/mapreduce/lib/protobuf-java-2.5.0.jar:/opt/hadoop/2.6.0/share/hadoop/mapreduce/lib/aopalliance-1.0.jar:/opt/hadoop/2.6.0/share/hadoop/mapreduce/lib/commons-io-2.4.jar:/opt/hadoop/2.6.0/share/hadoop/mapreduce/lib/jersey-server-1.9.jar:/opt/hadoop/2.6.0/share/hadoop/mapreduce/lib/jackson-mapper-asl-1.9.13.jar:/opt/hadoop/2.6.0/share/hadoop/mapreduce/lib/jersey-guice-1.9.jar:/opt/hadoop/2.6.0/share/hadoop/mapreduce/lib/hamcrest-core-1.3.jar:/opt/hadoop/2.6.0/share/hadoop/mapreduce/lib/jackson-core-asl-1.9.13.jar:/opt/hadoop/2.6.0/share/hadoop/mapreduce/lib/commons-compress-1.4.1.jar:/opt/hadoop/2.6.0/share/hadoop/mapreduce/lib/hadoop-annotations-2.6.0.jar:/opt/hadoop/2.6.0/share/hadoop/mapreduce/lib/log4j-1.2.17.jar:/opt/hadoop/2.6.0/share/hadoop/mapreduce/lib/avro-1.7.4.jar:/opt/hadoop/2.6.0/share/hadoop/mapreduce/lib/junit-4.11.jar:/opt/hadoop/2.6.0/share/hadoop/mapreduce/lib/guice-3.0.jar:/opt/hadoop/2.6.0/share/hadoop/mapreduce/lib/asm-3.2.jar:/opt/hadoop/2.6.0/share/hadoop/mapreduce/lib/leveldbjni-all-1.8.jar:/opt/hadoop/2.6.0/share/hadoop/mapreduce/lib/netty-3.6.2.Final.jar:/opt/hadoop/2.6.0/share/hadoop/mapreduce/lib/jersey-core-1.9.jar:/opt/hadoop/2.6.0/share/hadoop/mapreduce/hadoop-mapreduce-client-core-2.6.0.jar:/opt/hadoop/2.6.0/share/hadoop/mapreduce/hadoop-mapreduce-client-hs-2.6.0.jar:/opt/hadoop/2.6.0/share/hadoop/mapreduce/hadoop-mapreduce-client-common-2.6.0.jar:/opt/hadoop/2.6.0/share/hadoop/mapreduce/hadoop-mapreduce-client-jobclient-2.6.0-tests.jar:/opt/hadoop/2.6.0/share/hadoop/mapreduce/hadoop-mapreduce-client-hs-plugins-2.6.0.jar:/opt/hadoop/2.6.0/share/hadoop/mapreduce/hadoop-mapreduce-client-shuffle-2.6.0.jar:/opt/hadoop/2.6.0/share/hadoop/mapreduce/hadoop-mapreduce-client-jobclient-2.6.0.jar:/opt/hadoop/2.6.0/share/hadoop/mapreduce/hadoop-mapreduce-client-app-2.6.0.jar:/opt/hadoop/2.6.0/share/hadoop/mapreduce/hadoop-mapreduce-examples-2.6.0.jar:/opt/hadoop/2.6.0/contrib/capacity-scheduler/*.jar
STARTUP_MSG:   build = https://git-wip-us.apache.org/repos/asf/hadoop.git -r e3496499ecb8d220fba99dc5ed4c99c8f9e33bb1; compiled by 'jenkins' on 2014-11-13T21:10Z
STARTUP_MSG:   java = 1.8.0_212
************************************************************/
20/02/23 22:02:37 INFO namenode.NameNode: registered UNIX signal handlers for [TERM, HUP, INT]
20/02/23 22:02:37 INFO namenode.NameNode: createNameNode [-format]
20/02/23 22:02:37 WARN common.Util: Path /scratch/axa7638/31706351/namenode_data should be specified as a URI in configuration files. Please update hdfs configuration.
20/02/23 22:02:37 WARN common.Util: Path /scratch/axa7638/31706351/namenode_data should be specified as a URI in configuration files. Please update hdfs configuration.
Formatting using clusterid: CID-9877f400-0db3-4567-8803-f4e8f1ec9a2b
20/02/23 22:02:37 INFO namenode.FSNamesystem: No KeyProvider found.
20/02/23 22:02:37 INFO namenode.FSNamesystem: fsLock is fair:true
20/02/23 22:02:37 INFO blockmanagement.DatanodeManager: dfs.block.invalidate.limit=1000
20/02/23 22:02:37 INFO blockmanagement.DatanodeManager: dfs.namenode.datanode.registration.ip-hostname-check=true
20/02/23 22:02:37 INFO blockmanagement.BlockManager: dfs.namenode.startup.delay.block.deletion.sec is set to 000:00:00:00.000
20/02/23 22:02:37 INFO blockmanagement.BlockManager: The block deletion will start around 2020 Feb 23 22:02:37
20/02/23 22:02:37 INFO util.GSet: Computing capacity for map BlocksMap
20/02/23 22:02:37 INFO util.GSet: VM type       = 64-bit
20/02/23 22:02:37 INFO util.GSet: 2.0% max memory 958.5 MB = 19.2 MB
20/02/23 22:02:37 INFO util.GSet: capacity      = 2^21 = 2097152 entries
20/02/23 22:02:37 INFO blockmanagement.BlockManager: dfs.block.access.token.enable=false
20/02/23 22:02:37 INFO blockmanagement.BlockManager: defaultReplication         = 3
20/02/23 22:02:37 INFO blockmanagement.BlockManager: maxReplication             = 512
20/02/23 22:02:37 INFO blockmanagement.BlockManager: minReplication             = 1
20/02/23 22:02:37 INFO blockmanagement.BlockManager: maxReplicationStreams      = 2
20/02/23 22:02:37 INFO blockmanagement.BlockManager: shouldCheckForEnoughRacks  = false
20/02/23 22:02:37 INFO blockmanagement.BlockManager: replicationRecheckInterval = 3000
20/02/23 22:02:37 INFO blockmanagement.BlockManager: encryptDataTransfer        = false
20/02/23 22:02:37 INFO blockmanagement.BlockManager: maxNumBlocksToLog          = 1000
20/02/23 22:02:37 INFO namenode.FSNamesystem: fsOwner             = axa7638 (auth:SIMPLE)
20/02/23 22:02:37 INFO namenode.FSNamesystem: supergroup          = supergroup
20/02/23 22:02:37 INFO namenode.FSNamesystem: isPermissionEnabled = true
20/02/23 22:02:37 INFO namenode.FSNamesystem: HA Enabled: false
20/02/23 22:02:37 INFO namenode.FSNamesystem: Append Enabled: true
20/02/23 22:02:37 INFO util.GSet: Computing capacity for map INodeMap
20/02/23 22:02:37 INFO util.GSet: VM type       = 64-bit
20/02/23 22:02:37 INFO util.GSet: 1.0% max memory 958.5 MB = 9.6 MB
20/02/23 22:02:37 INFO util.GSet: capacity      = 2^20 = 1048576 entries
20/02/23 22:02:37 INFO namenode.NameNode: Caching file names occuring more than 10 times
20/02/23 22:02:37 INFO util.GSet: Computing capacity for map cachedBlocks
20/02/23 22:02:37 INFO util.GSet: VM type       = 64-bit
20/02/23 22:02:37 INFO util.GSet: 0.25% max memory 958.5 MB = 2.4 MB
20/02/23 22:02:37 INFO util.GSet: capacity      = 2^18 = 262144 entries
20/02/23 22:02:37 INFO namenode.FSNamesystem: dfs.namenode.safemode.threshold-pct = 0.9990000128746033
20/02/23 22:02:37 INFO namenode.FSNamesystem: dfs.namenode.safemode.min.datanodes = 0
20/02/23 22:02:37 INFO namenode.FSNamesystem: dfs.namenode.safemode.extension     = 30000
20/02/23 22:02:37 INFO namenode.FSNamesystem: Retry cache on namenode is enabled
20/02/23 22:02:37 INFO namenode.FSNamesystem: Retry cache will use 0.03 of total heap and retry cache entry expiry time is 600000 millis
20/02/23 22:02:37 INFO util.GSet: Computing capacity for map NameNodeRetryCache
20/02/23 22:02:37 INFO util.GSet: VM type       = 64-bit
20/02/23 22:02:37 INFO util.GSet: 0.029999999329447746% max memory 958.5 MB = 294.5 KB
20/02/23 22:02:37 INFO util.GSet: capacity      = 2^15 = 32768 entries
20/02/23 22:02:37 INFO namenode.NNConf: ACLs enabled? false
20/02/23 22:02:37 INFO namenode.NNConf: XAttrs enabled? true
20/02/23 22:02:37 INFO namenode.NNConf: Maximum size of an xattr: 16384
20/02/23 22:02:38 INFO namenode.FSImage: Allocated new BlockPoolId: BP-1956186983-198.202.112.104-1582524157989
20/02/23 22:02:38 INFO common.Storage: Storage directory /scratch/axa7638/31706351/namenode_data has been successfully formatted.
20/02/23 22:02:38 INFO namenode.NNStorageRetentionManager: Going to retain 1 images with txid >= 0
20/02/23 22:02:38 INFO util.ExitUtil: Exiting with status 0
20/02/23 22:02:38 INFO namenode.NameNode: SHUTDOWN_MSG: 
/************************************************************
SHUTDOWN_MSG: Shutting down NameNode at comet-05-69.sdsc.edu/198.202.112.104
************************************************************/
Starting namenodes on [comet-05-69.ibnet]
comet-05-69.ibnet: starting namenode, logging to /scratch/axa7638/31706351/logs/hadoop-axa7638-namenode-comet-05-69.sdsc.edu.out
comet-05-69.ibnet: starting datanode, logging to /scratch/axa7638/31706351/logs/hadoop-axa7638-datanode-comet-05-69.sdsc.edu.out
comet-05-71.ibnet: starting datanode, logging to /scratch/axa7638/31706351/logs/hadoop-axa7638-datanode-comet-05-71.sdsc.edu.out
Starting secondary namenodes [comet-05-69.ibnet]
comet-05-69.ibnet: starting secondarynamenode, logging to /scratch/axa7638/31706351/logs/hadoop-axa7638-secondarynamenode-comet-05-69.sdsc.edu.out
starting yarn daemons
starting resourcemanager, logging to /scratch/axa7638/31706351/logs/yarn-axa7638-resourcemanager-comet-05-69.out
comet-05-71.ibnet: starting nodemanager, logging to /scratch/axa7638/31706351/logs/yarn-axa7638-nodemanager-comet-05-71.sdsc.edu.out
comet-05-69.ibnet: starting nodemanager, logging to /scratch/axa7638/31706351/logs/yarn-axa7638-nodemanager-comet-05-69.sdsc.edu.out
20/02/23 22:03:06 INFO client.RMProxy: Connecting to ResourceManager at comet-05-69.ibnet/10.22.254.154:8032
20/02/23 22:03:06 WARN mapreduce.JobSubmitter: Hadoop command-line option parsing not performed. Implement the Tool interface and execute your application with ToolRunner to remedy this.
20/02/23 22:03:07 INFO input.FileInputFormat: Total input paths to process : 1
20/02/23 22:03:07 INFO mapreduce.JobSubmitter: number of splits:3
20/02/23 22:03:07 INFO mapreduce.JobSubmitter: Submitting tokens for job: job_1582524176278_0001
20/02/23 22:03:07 INFO impl.YarnClientImpl: Submitted application application_1582524176278_0001
20/02/23 22:03:07 INFO mapreduce.Job: The url to track the job: http://comet-05-69.ibnet:8088/proxy/application_1582524176278_0001/
20/02/23 22:03:07 INFO mapreduce.Job: Running job: job_1582524176278_0001
20/02/23 22:03:12 INFO mapreduce.Job: Job job_1582524176278_0001 running in uber mode : false
20/02/23 22:03:12 INFO mapreduce.Job:  map 0% reduce 0%
20/02/23 22:03:22 INFO mapreduce.Job:  map 11% reduce 0%
20/02/23 22:03:32 INFO mapreduce.Job:  map 20% reduce 0%
20/02/23 22:03:35 INFO mapreduce.Job:  map 21% reduce 0%
20/02/23 22:03:44 INFO mapreduce.Job:  map 30% reduce 0%
20/02/23 22:03:53 INFO mapreduce.Job:  map 34% reduce 0%
20/02/23 22:03:56 INFO mapreduce.Job:  map 39% reduce 0%
20/02/23 22:04:05 INFO mapreduce.Job:  map 43% reduce 0%
20/02/23 22:04:08 INFO mapreduce.Job:  map 49% reduce 0%
20/02/23 22:04:11 INFO mapreduce.Job:  map 54% reduce 0%
20/02/23 22:04:12 INFO mapreduce.Job:  map 55% reduce 0%
20/02/23 22:04:17 INFO mapreduce.Job:  map 59% reduce 0%
20/02/23 22:04:22 INFO mapreduce.Job:  map 59% reduce 11%
20/02/23 22:04:26 INFO mapreduce.Job:  map 60% reduce 11%
20/02/23 22:04:29 INFO mapreduce.Job:  map 63% reduce 11%
20/02/23 22:04:38 INFO mapreduce.Job:  map 64% reduce 11%
20/02/23 22:04:41 INFO mapreduce.Job:  map 67% reduce 11%
20/02/23 22:04:50 INFO mapreduce.Job:  map 70% reduce 11%
20/02/23 22:04:53 INFO mapreduce.Job:  map 71% reduce 11%
20/02/23 22:05:02 INFO mapreduce.Job:  map 75% reduce 11%
20/02/23 22:05:11 INFO mapreduce.Job:  map 76% reduce 11%
20/02/23 22:05:14 INFO mapreduce.Job:  map 78% reduce 11%
20/02/23 22:05:20 INFO mapreduce.Job:  map 79% reduce 11%
20/02/23 22:05:23 INFO mapreduce.Job:  map 82% reduce 11%
20/02/23 22:05:26 INFO mapreduce.Job:  map 85% reduce 11%
20/02/23 22:05:29 INFO mapreduce.Job:  map 88% reduce 11%
20/02/23 22:05:32 INFO mapreduce.Job:  map 91% reduce 11%
20/02/23 22:05:35 INFO mapreduce.Job:  map 94% reduce 11%
20/02/23 22:05:38 INFO mapreduce.Job:  map 97% reduce 11%
20/02/23 22:05:41 INFO mapreduce.Job:  map 98% reduce 11%
20/02/23 22:05:42 INFO mapreduce.Job:  map 100% reduce 11%
20/02/23 22:05:43 INFO mapreduce.Job:  map 100% reduce 22%
20/02/23 22:05:46 INFO mapreduce.Job:  map 100% reduce 68%
20/02/23 22:05:49 INFO mapreduce.Job:  map 100% reduce 71%
20/02/23 22:05:52 INFO mapreduce.Job:  map 100% reduce 73%
20/02/23 22:05:55 INFO mapreduce.Job:  map 100% reduce 75%
20/02/23 22:05:58 INFO mapreduce.Job:  map 100% reduce 78%
20/02/23 22:06:01 INFO mapreduce.Job:  map 100% reduce 80%
20/02/23 22:06:04 INFO mapreduce.Job:  map 100% reduce 82%
20/02/23 22:06:07 INFO mapreduce.Job:  map 100% reduce 84%
20/02/23 22:06:10 INFO mapreduce.Job:  map 100% reduce 87%
20/02/23 22:06:13 INFO mapreduce.Job:  map 100% reduce 89%
20/02/23 22:06:16 INFO mapreduce.Job:  map 100% reduce 91%
20/02/23 22:06:19 INFO mapreduce.Job:  map 100% reduce 94%
20/02/23 22:06:23 INFO mapreduce.Job:  map 100% reduce 96%
20/02/23 22:06:26 INFO mapreduce.Job:  map 100% reduce 98%
20/02/23 22:06:28 INFO mapreduce.Job:  map 100% reduce 100%
20/02/23 22:06:28 INFO mapreduce.Job: Job job_1582524176278_0001 completed successfully
20/02/23 22:06:29 INFO mapreduce.Job: Counters: 50
	File System Counters
		FILE: Number of bytes read=1922714802
		FILE: Number of bytes written=2830169721
		FILE: Number of read operations=0
		FILE: Number of large read operations=0
		FILE: Number of write operations=0
		HDFS: Number of bytes read=321333367
		HDFS: Number of bytes written=9654
		HDFS: Number of read operations=12
		HDFS: Number of large read operations=0
		HDFS: Number of write operations=2
	Job Counters 
		Killed map tasks=2
		Launched map tasks=5
		Launched reduce tasks=1
		Data-local map tasks=5
		Total time spent by all maps in occupied slots (ms)=513068
		Total time spent by all reduces in occupied slots (ms)=134315
		Total time spent by all map tasks (ms)=513068
		Total time spent by all reduce tasks (ms)=134315
		Total vcore-seconds taken by all map tasks=513068
		Total vcore-seconds taken by all reduce tasks=134315
		Total megabyte-seconds taken by all map tasks=525381632
		Total megabyte-seconds taken by all reduce tasks=137538560
	Map-Reduce Framework
		Map input records=30000000
		Map output records=90000000
		Map output bytes=720000000
		Map output materialized bytes=900000018
		Input split bytes=375
		Combine input records=0
		Combine output records=0
		Reduce input groups=768
		Reduce shuffle bytes=900000018
		Reduce input records=90000000
		Reduce output records=768
		Spilled Records=282271461
		Shuffled Maps =3
		Failed Shuffles=0
		Merged Map outputs=3
		GC time elapsed (ms)=1900
		CPU time spent (ms)=437580
		Physical memory (bytes) snapshot=1037901824
		Virtual memory (bytes) snapshot=8834945024
		Total committed heap usage (bytes)=701497344
	Shuffle Errors
		BAD_ID=0
		CONNECTION=0
		IO_ERROR=0
		WRONG_LENGTH=0
		WRONG_MAP=0
		WRONG_REDUCE=0
	File Input Format Counters 
		Bytes Read=321332992
	File Output Format Counters 
		Bytes Written=9654
stopping yarn daemons
stopping resourcemanager
comet-05-71.ibnet: stopping nodemanager
comet-05-71.ibnet: nodemanager did not stop gracefully after 5 seconds: killing with kill -9
comet-05-69.ibnet: stopping nodemanager
comet-05-69.ibnet: nodemanager did not stop gracefully after 5 seconds: killing with kill -9
no proxyserver to stop
Stopping namenodes on [comet-05-69.ibnet]
comet-05-69.ibnet: stopping namenode
comet-05-71.ibnet: stopping datanode
comet-05-69.ibnet: stopping datanode
Stopping secondary namenodes [comet-05-69.ibnet]
comet-05-69.ibnet: stopping secondarynamenode
Copying Hadoop logs back to /home/axa7638/cometcluster/logs...
'/scratch/axa7638/31706351/logs' -> '/home/axa7638/cometcluster/logs'
'/scratch/axa7638/31706351/logs/hadoop-axa7638-namenode-comet-05-69.sdsc.edu.out' -> '/home/axa7638/cometcluster/logs/hadoop-axa7638-namenode-comet-05-69.sdsc.edu.out'
'/scratch/axa7638/31706351/logs/hadoop-axa7638-secondarynamenode-comet-05-69.sdsc.edu.log' -> '/home/axa7638/cometcluster/logs/hadoop-axa7638-secondarynamenode-comet-05-69.sdsc.edu.log'
'/scratch/axa7638/31706351/logs/SecurityAuth-axa7638.audit' -> '/home/axa7638/cometcluster/logs/SecurityAuth-axa7638.audit'
'/scratch/axa7638/31706351/logs/hadoop-axa7638-datanode-comet-05-69.sdsc.edu.out' -> '/home/axa7638/cometcluster/logs/hadoop-axa7638-datanode-comet-05-69.sdsc.edu.out'
'/scratch/axa7638/31706351/logs/yarn-axa7638-resourcemanager-comet-05-69.log' -> '/home/axa7638/cometcluster/logs/yarn-axa7638-resourcemanager-comet-05-69.log'
'/scratch/axa7638/31706351/logs/yarn-axa7638-nodemanager-comet-05-69.sdsc.edu.out' -> '/home/axa7638/cometcluster/logs/yarn-axa7638-nodemanager-comet-05-69.sdsc.edu.out'
'/scratch/axa7638/31706351/logs/yarn-axa7638-nodemanager-comet-05-69.sdsc.edu.log' -> '/home/axa7638/cometcluster/logs/yarn-axa7638-nodemanager-comet-05-69.sdsc.edu.log'
'/scratch/axa7638/31706351/logs/hadoop-axa7638-datanode-comet-05-69.sdsc.edu.log' -> '/home/axa7638/cometcluster/logs/hadoop-axa7638-datanode-comet-05-69.sdsc.edu.log'
'/scratch/axa7638/31706351/logs/yarn-axa7638-resourcemanager-comet-05-69.out' -> '/home/axa7638/cometcluster/logs/yarn-axa7638-resourcemanager-comet-05-69.out'
'/scratch/axa7638/31706351/logs/userlogs' -> '/home/axa7638/cometcluster/logs/userlogs'
'/scratch/axa7638/31706351/logs/userlogs/application_1582524176278_0001' -> '/home/axa7638/cometcluster/logs/userlogs/application_1582524176278_0001'
'/scratch/axa7638/31706351/logs/userlogs/application_1582524176278_0001/container_1582524176278_0001_01_000001' -> '/home/axa7638/cometcluster/logs/userlogs/application_1582524176278_0001/container_1582524176278_0001_01_000001'
'/scratch/axa7638/31706351/logs/userlogs/application_1582524176278_0001/container_1582524176278_0001_01_000001/stdout' -> '/home/axa7638/cometcluster/logs/userlogs/application_1582524176278_0001/container_1582524176278_0001_01_000001/stdout'
'/scratch/axa7638/31706351/logs/userlogs/application_1582524176278_0001/container_1582524176278_0001_01_000001/syslog' -> '/home/axa7638/cometcluster/logs/userlogs/application_1582524176278_0001/container_1582524176278_0001_01_000001/syslog'
'/scratch/axa7638/31706351/logs/userlogs/application_1582524176278_0001/container_1582524176278_0001_01_000001/stderr' -> '/home/axa7638/cometcluster/logs/userlogs/application_1582524176278_0001/container_1582524176278_0001_01_000001/stderr'
'/scratch/axa7638/31706351/logs/hadoop-axa7638-namenode-comet-05-69.sdsc.edu.log' -> '/home/axa7638/cometcluster/logs/hadoop-axa7638-namenode-comet-05-69.sdsc.edu.log'
'/scratch/axa7638/31706351/logs/hadoop-axa7638-secondarynamenode-comet-05-69.sdsc.edu.out' -> '/home/axa7638/cometcluster/logs/hadoop-axa7638-secondarynamenode-comet-05-69.sdsc.edu.out'
removed directory: ‘/scratch/axa7638/31706351/mapred_scratch/nmPrivate’
removed directory: ‘/scratch/axa7638/31706351/mapred_scratch/usercache/axa7638/filecache’
removed directory: ‘/scratch/axa7638/31706351/mapred_scratch/usercache/axa7638/appcache’
removed directory: ‘/scratch/axa7638/31706351/mapred_scratch/usercache/axa7638’
removed directory: ‘/scratch/axa7638/31706351/mapred_scratch/usercache’
removed directory: ‘/scratch/axa7638/31706351/mapred_scratch/filecache’
removed directory: ‘/scratch/axa7638/31706351/mapred_scratch’
removed ‘/scratch/axa7638/31706351/tmp/dfs/namesecondary/current/edits_0000000000000000001-0000000000000000063’
removed ‘/scratch/axa7638/31706351/tmp/dfs/namesecondary/current/fsimage_0000000000000000000.md5’
removed ‘/scratch/axa7638/31706351/tmp/dfs/namesecondary/current/fsimage_0000000000000000063.md5’
removed ‘/scratch/axa7638/31706351/tmp/dfs/namesecondary/current/fsimage_0000000000000000000’
removed ‘/scratch/axa7638/31706351/tmp/dfs/namesecondary/current/VERSION’
removed ‘/scratch/axa7638/31706351/tmp/dfs/namesecondary/current/fsimage_0000000000000000063’
removed directory: ‘/scratch/axa7638/31706351/tmp/dfs/namesecondary/current’
removed directory: ‘/scratch/axa7638/31706351/tmp/dfs/namesecondary’
removed directory: ‘/scratch/axa7638/31706351/tmp/dfs’
removed directory: ‘/scratch/axa7638/31706351/tmp’
removed ‘/scratch/axa7638/31706351/namenode_data/current/fsimage_0000000000000000063.md5’
removed ‘/scratch/axa7638/31706351/namenode_data/current/edits_inprogress_0000000000000000064’
removed ‘/scratch/axa7638/31706351/namenode_data/current/fsimage_0000000000000000000.md5’
removed ‘/scratch/axa7638/31706351/namenode_data/current/edits_0000000000000000001-0000000000000000063’
removed ‘/scratch/axa7638/31706351/namenode_data/current/seen_txid’
removed ‘/scratch/axa7638/31706351/namenode_data/current/fsimage_0000000000000000000’
removed ‘/scratch/axa7638/31706351/namenode_data/current/VERSION’
removed ‘/scratch/axa7638/31706351/namenode_data/current/fsimage_0000000000000000063’
removed directory: ‘/scratch/axa7638/31706351/namenode_data/current’
removed directory: ‘/scratch/axa7638/31706351/namenode_data’
removed directory: ‘/scratch/axa7638/31706351/hdfs_data/current/BP-1956186983-198.202.112.104-1582524157989/current/rbw’
removed ‘/scratch/axa7638/31706351/hdfs_data/current/BP-1956186983-198.202.112.104-1582524157989/current/dfsUsed’
removed ‘/scratch/axa7638/31706351/hdfs_data/current/BP-1956186983-198.202.112.104-1582524157989/current/finalized/subdir0/subdir0/blk_1073741836_1012.meta’
removed ‘/scratch/axa7638/31706351/hdfs_data/current/BP-1956186983-198.202.112.104-1582524157989/current/finalized/subdir0/subdir0/blk_1073741827’
removed ‘/scratch/axa7638/31706351/hdfs_data/current/BP-1956186983-198.202.112.104-1582524157989/current/finalized/subdir0/subdir0/blk_1073741834’
removed ‘/scratch/axa7638/31706351/hdfs_data/current/BP-1956186983-198.202.112.104-1582524157989/current/finalized/subdir0/subdir0/blk_1073741837_1013.meta’
removed ‘/scratch/axa7638/31706351/hdfs_data/current/BP-1956186983-198.202.112.104-1582524157989/current/finalized/subdir0/subdir0/blk_1073741825_1001.meta’
removed ‘/scratch/axa7638/31706351/hdfs_data/current/BP-1956186983-198.202.112.104-1582524157989/current/finalized/subdir0/subdir0/blk_1073741837’
removed ‘/scratch/axa7638/31706351/hdfs_data/current/BP-1956186983-198.202.112.104-1582524157989/current/finalized/subdir0/subdir0/blk_1073741827_1003.meta’
removed ‘/scratch/axa7638/31706351/hdfs_data/current/BP-1956186983-198.202.112.104-1582524157989/current/finalized/subdir0/subdir0/blk_1073741835’
removed ‘/scratch/axa7638/31706351/hdfs_data/current/BP-1956186983-198.202.112.104-1582524157989/current/finalized/subdir0/subdir0/blk_1073741826’
removed ‘/scratch/axa7638/31706351/hdfs_data/current/BP-1956186983-198.202.112.104-1582524157989/current/finalized/subdir0/subdir0/blk_1073741835_1011.meta’
removed ‘/scratch/axa7638/31706351/hdfs_data/current/BP-1956186983-198.202.112.104-1582524157989/current/finalized/subdir0/subdir0/blk_1073741836’
removed ‘/scratch/axa7638/31706351/hdfs_data/current/BP-1956186983-198.202.112.104-1582524157989/current/finalized/subdir0/subdir0/blk_1073741825’
removed ‘/scratch/axa7638/31706351/hdfs_data/current/BP-1956186983-198.202.112.104-1582524157989/current/finalized/subdir0/subdir0/blk_1073741826_1002.meta’
removed ‘/scratch/axa7638/31706351/hdfs_data/current/BP-1956186983-198.202.112.104-1582524157989/current/finalized/subdir0/subdir0/blk_1073741834_1010.meta’
removed directory: ‘/scratch/axa7638/31706351/hdfs_data/current/BP-1956186983-198.202.112.104-1582524157989/current/finalized/subdir0/subdir0’
removed directory: ‘/scratch/axa7638/31706351/hdfs_data/current/BP-1956186983-198.202.112.104-1582524157989/current/finalized/subdir0’
removed directory: ‘/scratch/axa7638/31706351/hdfs_data/current/BP-1956186983-198.202.112.104-1582524157989/current/finalized’
removed ‘/scratch/axa7638/31706351/hdfs_data/current/BP-1956186983-198.202.112.104-1582524157989/current/VERSION’
removed directory: ‘/scratch/axa7638/31706351/hdfs_data/current/BP-1956186983-198.202.112.104-1582524157989/current’
removed directory: ‘/scratch/axa7638/31706351/hdfs_data/current/BP-1956186983-198.202.112.104-1582524157989/tmp’
removed ‘/scratch/axa7638/31706351/hdfs_data/current/BP-1956186983-198.202.112.104-1582524157989/dncp_block_verification.log.prev’
removed ‘/scratch/axa7638/31706351/hdfs_data/current/BP-1956186983-198.202.112.104-1582524157989/dncp_block_verification.log.curr’
removed directory: ‘/scratch/axa7638/31706351/hdfs_data/current/BP-1956186983-198.202.112.104-1582524157989’
removed ‘/scratch/axa7638/31706351/hdfs_data/current/VERSION’
removed directory: ‘/scratch/axa7638/31706351/hdfs_data/current’
removed directory: ‘/scratch/axa7638/31706351/hdfs_data’
removed directory: ‘/scratch/axa7638/31706351/pids’
removed ‘/scratch/axa7638/31706351/logs/hadoop-axa7638-namenode-comet-05-69.sdsc.edu.out’
removed ‘/scratch/axa7638/31706351/logs/hadoop-axa7638-secondarynamenode-comet-05-69.sdsc.edu.log’
removed ‘/scratch/axa7638/31706351/logs/SecurityAuth-axa7638.audit’
removed ‘/scratch/axa7638/31706351/logs/hadoop-axa7638-datanode-comet-05-69.sdsc.edu.out’
removed ‘/scratch/axa7638/31706351/logs/yarn-axa7638-resourcemanager-comet-05-69.log’
removed ‘/scratch/axa7638/31706351/logs/yarn-axa7638-nodemanager-comet-05-69.sdsc.edu.out’
removed ‘/scratch/axa7638/31706351/logs/yarn-axa7638-nodemanager-comet-05-69.sdsc.edu.log’
removed ‘/scratch/axa7638/31706351/logs/hadoop-axa7638-datanode-comet-05-69.sdsc.edu.log’
removed ‘/scratch/axa7638/31706351/logs/yarn-axa7638-resourcemanager-comet-05-69.out’
removed ‘/scratch/axa7638/31706351/logs/userlogs/application_1582524176278_0001/container_1582524176278_0001_01_000001/stdout’
removed ‘/scratch/axa7638/31706351/logs/userlogs/application_1582524176278_0001/container_1582524176278_0001_01_000001/syslog’
removed ‘/scratch/axa7638/31706351/logs/userlogs/application_1582524176278_0001/container_1582524176278_0001_01_000001/stderr’
removed directory: ‘/scratch/axa7638/31706351/logs/userlogs/application_1582524176278_0001/container_1582524176278_0001_01_000001’
removed directory: ‘/scratch/axa7638/31706351/logs/userlogs/application_1582524176278_0001’
removed directory: ‘/scratch/axa7638/31706351/logs/userlogs’
removed ‘/scratch/axa7638/31706351/logs/hadoop-axa7638-namenode-comet-05-69.sdsc.edu.log’
removed ‘/scratch/axa7638/31706351/logs/hadoop-axa7638-secondarynamenode-comet-05-69.sdsc.edu.out’
removed directory: ‘/scratch/axa7638/31706351/logs’
removed directory: ‘/scratch/axa7638/31706351/mapred_scratch/nmPrivate’
removed directory: ‘/scratch/axa7638/31706351/mapred_scratch/usercache/axa7638/appcache’
removed directory: ‘/scratch/axa7638/31706351/mapred_scratch/usercache/axa7638/filecache’
removed directory: ‘/scratch/axa7638/31706351/mapred_scratch/usercache/axa7638’
removed directory: ‘/scratch/axa7638/31706351/mapred_scratch/usercache’
removed directory: ‘/scratch/axa7638/31706351/mapred_scratch/filecache’
removed directory: ‘/scratch/axa7638/31706351/mapred_scratch’
removed ‘/scratch/axa7638/31706351/hdfs_data/current/BP-1956186983-198.202.112.104-1582524157989/dncp_block_verification.log.prev’
removed ‘/scratch/axa7638/31706351/hdfs_data/current/BP-1956186983-198.202.112.104-1582524157989/dncp_block_verification.log.curr’
removed ‘/scratch/axa7638/31706351/hdfs_data/current/BP-1956186983-198.202.112.104-1582524157989/current/finalized/subdir0/subdir0/blk_1073741836_1012.meta’
removed ‘/scratch/axa7638/31706351/hdfs_data/current/BP-1956186983-198.202.112.104-1582524157989/current/finalized/subdir0/subdir0/blk_1073741826’
removed ‘/scratch/axa7638/31706351/hdfs_data/current/BP-1956186983-198.202.112.104-1582524157989/current/finalized/subdir0/subdir0/blk_1073741835’
removed ‘/scratch/axa7638/31706351/hdfs_data/current/BP-1956186983-198.202.112.104-1582524157989/current/finalized/subdir0/subdir0/blk_1073741837_1013.meta’
removed ‘/scratch/axa7638/31706351/hdfs_data/current/BP-1956186983-198.202.112.104-1582524157989/current/finalized/subdir0/subdir0/blk_1073741825’
removed ‘/scratch/axa7638/31706351/hdfs_data/current/BP-1956186983-198.202.112.104-1582524157989/current/finalized/subdir0/subdir0/blk_1073741825_1001.meta’
removed ‘/scratch/axa7638/31706351/hdfs_data/current/BP-1956186983-198.202.112.104-1582524157989/current/finalized/subdir0/subdir0/blk_1073741836’
removed ‘/scratch/axa7638/31706351/hdfs_data/current/BP-1956186983-198.202.112.104-1582524157989/current/finalized/subdir0/subdir0/blk_1073741834’
removed ‘/scratch/axa7638/31706351/hdfs_data/current/BP-1956186983-198.202.112.104-1582524157989/current/finalized/subdir0/subdir0/blk_1073741827’
removed ‘/scratch/axa7638/31706351/hdfs_data/current/BP-1956186983-198.202.112.104-1582524157989/current/finalized/subdir0/subdir0/blk_1073741827_1003.meta’
removed ‘/scratch/axa7638/31706351/hdfs_data/current/BP-1956186983-198.202.112.104-1582524157989/current/finalized/subdir0/subdir0/blk_1073741835_1011.meta’
removed ‘/scratch/axa7638/31706351/hdfs_data/current/BP-1956186983-198.202.112.104-1582524157989/current/finalized/subdir0/subdir0/blk_1073741837’
removed ‘/scratch/axa7638/31706351/hdfs_data/current/BP-1956186983-198.202.112.104-1582524157989/current/finalized/subdir0/subdir0/blk_1073741826_1002.meta’
removed ‘/scratch/axa7638/31706351/hdfs_data/current/BP-1956186983-198.202.112.104-1582524157989/current/finalized/subdir0/subdir0/blk_1073741834_1010.meta’
removed directory: ‘/scratch/axa7638/31706351/hdfs_data/current/BP-1956186983-198.202.112.104-1582524157989/current/finalized/subdir0/subdir0’
removed directory: ‘/scratch/axa7638/31706351/hdfs_data/current/BP-1956186983-198.202.112.104-1582524157989/current/finalized/subdir0’
removed directory: ‘/scratch/axa7638/31706351/hdfs_data/current/BP-1956186983-198.202.112.104-1582524157989/current/finalized’
removed ‘/scratch/axa7638/31706351/hdfs_data/current/BP-1956186983-198.202.112.104-1582524157989/current/dfsUsed’
removed directory: ‘/scratch/axa7638/31706351/hdfs_data/current/BP-1956186983-198.202.112.104-1582524157989/current/rbw’
removed ‘/scratch/axa7638/31706351/hdfs_data/current/BP-1956186983-198.202.112.104-1582524157989/current/VERSION’
removed directory: ‘/scratch/axa7638/31706351/hdfs_data/current/BP-1956186983-198.202.112.104-1582524157989/current’
removed directory: ‘/scratch/axa7638/31706351/hdfs_data/current/BP-1956186983-198.202.112.104-1582524157989/tmp’
removed directory: ‘/scratch/axa7638/31706351/hdfs_data/current/BP-1956186983-198.202.112.104-1582524157989’
removed ‘/scratch/axa7638/31706351/hdfs_data/current/VERSION’
removed directory: ‘/scratch/axa7638/31706351/hdfs_data/current’
removed directory: ‘/scratch/axa7638/31706351/hdfs_data’
removed directory: ‘/scratch/axa7638/31706351/pids’
removed ‘/scratch/axa7638/31706351/logs/hadoop-axa7638-datanode-comet-05-71.sdsc.edu.log’
removed ‘/scratch/axa7638/31706351/logs/yarn-axa7638-nodemanager-comet-05-71.sdsc.edu.out’
removed ‘/scratch/axa7638/31706351/logs/SecurityAuth-axa7638.audit’
removed ‘/scratch/axa7638/31706351/logs/yarn-axa7638-nodemanager-comet-05-71.sdsc.edu.log’
removed ‘/scratch/axa7638/31706351/logs/userlogs/application_1582524176278_0001/container_1582524176278_0001_01_000007/stdout’
removed ‘/scratch/axa7638/31706351/logs/userlogs/application_1582524176278_0001/container_1582524176278_0001_01_000007/syslog’
removed ‘/scratch/axa7638/31706351/logs/userlogs/application_1582524176278_0001/container_1582524176278_0001_01_000007/stderr’
removed directory: ‘/scratch/axa7638/31706351/logs/userlogs/application_1582524176278_0001/container_1582524176278_0001_01_000007’
removed ‘/scratch/axa7638/31706351/logs/userlogs/application_1582524176278_0001/container_1582524176278_0001_01_000004/stdout’
removed ‘/scratch/axa7638/31706351/logs/userlogs/application_1582524176278_0001/container_1582524176278_0001_01_000004/syslog’
removed ‘/scratch/axa7638/31706351/logs/userlogs/application_1582524176278_0001/container_1582524176278_0001_01_000004/stderr’
removed directory: ‘/scratch/axa7638/31706351/logs/userlogs/application_1582524176278_0001/container_1582524176278_0001_01_000004’
removed ‘/scratch/axa7638/31706351/logs/userlogs/application_1582524176278_0001/container_1582524176278_0001_01_000003/stdout’
removed ‘/scratch/axa7638/31706351/logs/userlogs/application_1582524176278_0001/container_1582524176278_0001_01_000003/syslog’
removed ‘/scratch/axa7638/31706351/logs/userlogs/application_1582524176278_0001/container_1582524176278_0001_01_000003/stderr’
removed directory: ‘/scratch/axa7638/31706351/logs/userlogs/application_1582524176278_0001/container_1582524176278_0001_01_000003’
removed ‘/scratch/axa7638/31706351/logs/userlogs/application_1582524176278_0001/container_1582524176278_0001_01_000006/stderr’
removed ‘/scratch/axa7638/31706351/logs/userlogs/application_1582524176278_0001/container_1582524176278_0001_01_000006/stdout’
removed ‘/scratch/axa7638/31706351/logs/userlogs/application_1582524176278_0001/container_1582524176278_0001_01_000006/syslog’
removed directory: ‘/scratch/axa7638/31706351/logs/userlogs/application_1582524176278_0001/container_1582524176278_0001_01_000006’
removed ‘/scratch/axa7638/31706351/logs/userlogs/application_1582524176278_0001/container_1582524176278_0001_01_000002/stderr’
removed ‘/scratch/axa7638/31706351/logs/userlogs/application_1582524176278_0001/container_1582524176278_0001_01_000002/syslog’
removed ‘/scratch/axa7638/31706351/logs/userlogs/application_1582524176278_0001/container_1582524176278_0001_01_000002/stdout’
removed directory: ‘/scratch/axa7638/31706351/logs/userlogs/application_1582524176278_0001/container_1582524176278_0001_01_000002’
removed ‘/scratch/axa7638/31706351/logs/userlogs/application_1582524176278_0001/container_1582524176278_0001_01_000005/stderr’
removed ‘/scratch/axa7638/31706351/logs/userlogs/application_1582524176278_0001/container_1582524176278_0001_01_000005/syslog’
removed ‘/scratch/axa7638/31706351/logs/userlogs/application_1582524176278_0001/container_1582524176278_0001_01_000005/stdout’
removed directory: ‘/scratch/axa7638/31706351/logs/userlogs/application_1582524176278_0001/container_1582524176278_0001_01_000005’
removed directory: ‘/scratch/axa7638/31706351/logs/userlogs/application_1582524176278_0001’
removed directory: ‘/scratch/axa7638/31706351/logs/userlogs’
removed ‘/scratch/axa7638/31706351/logs/hadoop-axa7638-datanode-comet-05-71.sdsc.edu.out’
removed directory: ‘/scratch/axa7638/31706351/logs’
removed directory: '/tmp/Jetty_0_0_0_0_50070_hdfs____w2cu08/.active'
removed directory: '/tmp/Jetty_0_0_0_0_50070_hdfs____w2cu08/jsp'
removed directory: '/tmp/Jetty_0_0_0_0_50070_hdfs____w2cu08'
removed directory: '/tmp/Jetty_comet.05.69_ibnet_50090_secondary____qcnht7/.active'
removed directory: '/tmp/Jetty_comet.05.69_ibnet_50090_secondary____qcnht7/jsp'
removed directory: '/tmp/Jetty_comet.05.69_ibnet_50090_secondary____qcnht7'
removed directory: '/tmp/Jetty_0_0_0_0_50075_datanode____hwtdwq/.active'
removed directory: '/tmp/Jetty_0_0_0_0_50075_datanode____hwtdwq/jsp'
removed directory: '/tmp/Jetty_0_0_0_0_50075_datanode____hwtdwq'
